This file contains any messages produced by compilers while
running configure, to aid debugging if configure makes a mistake.

It was created by librcsc configure 4.1.0, which was
generated by GNU Autoconf 2.69.  Invocation command line was

  $ ./configure --no-create --no-recursion

## --------- ##
## Platform. ##
## --------- ##

hostname = mroa-Predator
uname -m = x86_64
uname -r = 4.15.0-45-generic
uname -s = Linux
uname -v = #48-Ubuntu SMP Tue Jan 29 16:28:13 UTC 2019

/usr/bin/uname -p = unknown
/bin/uname -X     = unknown

/bin/arch              = unknown
/usr/bin/arch -k       = unknown
/usr/convex/getsysinfo = unknown
/usr/bin/hostinfo      = unknown
/bin/machine           = unknown
/usr/bin/oslevel       = unknown
/bin/universe          = unknown

PATH: /home/mroa/.local/bin
PATH: /usr/local/sbin
PATH: /usr/local/bin
PATH: /usr/sbin
PATH: /usr/bin
PATH: /sbin
PATH: /bin
PATH: /usr/games
PATH: /usr/local/games
PATH: /snap/bin


## ----------- ##
## Core tests. ##
## ----------- ##

configure:2730: checking for a BSD-compatible install
configure:2798: result: /usr/bin/install -c
configure:2809: checking whether build environment is sane
configure:2859: result: yes
configure:3000: checking for a thread-safe mkdir -p
configure:3039: result: /bin/mkdir -p
configure:3052: checking for gawk
configure:3082: result: no
configure:3052: checking for mawk
configure:3068: found /usr/bin/mawk
configure:3079: result: mawk
configure:3090: checking whether make sets $(MAKE)
configure:3112: result: yes
configure:3234: checking build system type
configure:3248: result: x86_64-unknown-linux-gnu
configure:3268: checking host system type
configure:3281: result: x86_64-unknown-linux-gnu
configure:3313: checking for style of include used by make
configure:3341: result: GNU
configure:3411: checking for gcc
configure:3427: found /usr/bin/gcc
configure:3438: result: gcc
configure:3667: checking for C compiler version
configure:3676: gcc --version >&5
gcc (Ubuntu 7.3.0-27ubuntu1~18.04) 7.3.0
Copyright (C) 2017 Free Software Foundation, Inc.
This is free software; see the source for copying conditions.  There is NO
warranty; not even for MERCHANTABILITY or FITNESS FOR A PARTICULAR PURPOSE.

configure:3687: $? = 0
configure:3676: gcc -v >&5
Using built-in specs.
COLLECT_GCC=gcc
COLLECT_LTO_WRAPPER=/usr/lib/gcc/x86_64-linux-gnu/7/lto-wrapper
OFFLOAD_TARGET_NAMES=nvptx-none
OFFLOAD_TARGET_DEFAULT=1
Target: x86_64-linux-gnu
Configured with: ../src/configure -v --with-pkgversion='Ubuntu 7.3.0-27ubuntu1~18.04' --with-bugurl=file:///usr/share/doc/gcc-7/README.Bugs --enable-languages=c,ada,c++,go,brig,d,fortran,objc,obj-c++ --prefix=/usr --with-gcc-major-version-only --program-suffix=-7 --program-prefix=x86_64-linux-gnu- --enable-shared --enable-linker-build-id --libexecdir=/usr/lib --without-included-gettext --enable-threads=posix --libdir=/usr/lib --enable-nls --with-sysroot=/ --enable-clocale=gnu --enable-libstdcxx-debug --enable-libstdcxx-time=yes --with-default-libstdcxx-abi=new --enable-gnu-unique-object --disable-vtable-verify --enable-libmpx --enable-plugin --enable-default-pie --with-system-zlib --with-target-system-zlib --enable-objc-gc=auto --enable-multiarch --disable-werror --with-arch-32=i686 --with-abi=m64 --with-multilib-list=m32,m64,mx32 --enable-multilib --with-tune=generic --enable-offload-targets=nvptx-none --without-cuda-driver --enable-checking=release --build=x86_64-linux-gnu --host=x86_64-linux-gnu --target=x86_64-linux-gnu
Thread model: posix
gcc version 7.3.0 (Ubuntu 7.3.0-27ubuntu1~18.04) 
configure:3687: $? = 0
configure:3676: gcc -V >&5
gcc: error: unrecognized command line option '-V'
gcc: fatal error: no input files
compilation terminated.
configure:3687: $? = 1
configure:3676: gcc -qversion >&5
gcc: error: unrecognized command line option '-qversion'; did you mean '--version'?
gcc: fatal error: no input files
compilation terminated.
configure:3687: $? = 1
configure:3707: checking whether the C compiler works
configure:3729: gcc    conftest.c  >&5
configure:3733: $? = 0
configure:3781: result: yes
configure:3784: checking for C compiler default output file name
configure:3786: result: a.out
configure:3792: checking for suffix of executables
configure:3799: gcc -o conftest    conftest.c  >&5
configure:3803: $? = 0
configure:3825: result: 
configure:3847: checking whether we are cross compiling
configure:3855: gcc -o conftest    conftest.c  >&5
configure:3859: $? = 0
configure:3866: ./conftest
configure:3870: $? = 0
configure:3885: result: no
configure:3890: checking for suffix of object files
configure:3912: gcc -c   conftest.c >&5
configure:3916: $? = 0
configure:3937: result: o
configure:3941: checking whether we are using the GNU C compiler
configure:3960: gcc -c   conftest.c >&5
configure:3960: $? = 0
configure:3969: result: yes
configure:3978: checking whether gcc accepts -g
configure:3998: gcc -c -g  conftest.c >&5
configure:3998: $? = 0
configure:4039: result: yes
configure:4056: checking for gcc option to accept ISO C89
configure:4119: gcc  -c -g -O2  conftest.c >&5
configure:4119: $? = 0
configure:4132: result: none needed
configure:4154: checking dependency style of gcc
configure:4264: result: gcc3
configure:4279: checking for a sed that does not truncate output
configure:4343: result: /bin/sed
configure:4361: checking for grep that handles long lines and -e
configure:4419: result: /bin/grep
configure:4424: checking for egrep
configure:4486: result: /bin/grep -E
configure:4491: checking for fgrep
configure:4553: result: /bin/grep -F
configure:4588: checking for ld used by gcc
configure:4655: result: /usr/bin/ld
configure:4662: checking if the linker (/usr/bin/ld) is GNU ld
configure:4677: result: yes
configure:4689: checking for BSD- or MS-compatible name lister (nm)
configure:4738: result: /usr/bin/nm -B
configure:4856: checking the name lister (/usr/bin/nm -B) interface
configure:4863:  -c   conftest.cpp >&5
./configure: line 4864: -c: command not found
configure:4866: /usr/bin/nm -B "conftest.o"
/usr/bin/nm: 'conftest.o': No such file
configure:4869: output
configure:4876: result: BSD nm
configure:4879: checking whether ln -s works
configure:4883: result: yes
configure:4891: checking the maximum length of command line arguments
configure:5011: result: 1572864
configure:5028: checking whether the shell understands some XSI constructs
configure:5038: result: yes
configure:5042: checking whether the shell understands "+="
configure:5048: result: yes
configure:5083: checking for /usr/bin/ld option to reload object files
configure:5090: result: -r
configure:5159: checking for objdump
configure:5175: found /usr/bin/objdump
configure:5186: result: objdump
configure:5218: checking how to recognize dependent libraries
configure:5414: result: pass_all
configure:5474: checking for ar
configure:5490: found /usr/bin/ar
configure:5501: result: ar
configure:5579: checking for strip
configure:5595: found /usr/bin/strip
configure:5606: result: strip
configure:5678: checking for ranlib
configure:5694: found /usr/bin/ranlib
configure:5705: result: ranlib
configure:5795: checking command to parse /usr/bin/nm -B output from gcc object
configure:5913:  -c   conftest.cpp >&5
./configure: line 5914: -c: command not found
configure:5916: $? = 127
: failed program was:
#ifdef __cplusplus
extern "C" {
#endif
char nm_test_var;
void nm_test_func(void);
void nm_test_func(void){}
#ifdef __cplusplus
}
#endif
int main(){nm_test_var='a';nm_test_func();return(0);}
configure:5913:  -c   conftest.cpp >&5
./configure: line 5914: -c: command not found
configure:5916: $? = 127
: failed program was:
#ifdef __cplusplus
extern "C" {
#endif
char nm_test_var;
void nm_test_func(void);
void nm_test_func(void){}
#ifdef __cplusplus
}
#endif
int main(){nm_test_var='a';nm_test_func();return(0);}
configure:6015: result: failed
configure:6114:  -c   conftest.cpp >&5
./configure: line 6115: -c: command not found
configure:6117: $? = 127
configure:6827: checking how to run the C preprocessor
configure:6858: gcc -E  conftest.c
configure:6858: $? = 0
configure:6872: gcc -E  conftest.c
conftest.c:11:10: fatal error: ac_nonexistent.h: No such file or directory
 #include <ac_nonexistent.h>
          ^~~~~~~~~~~~~~~~~~
compilation terminated.
configure:6872: $? = 1
configure: failed program was:
| /* confdefs.h */
| #define PACKAGE_NAME "librcsc"
| #define PACKAGE_TARNAME "librcsc"
| #define PACKAGE_VERSION "4.1.0"
| #define PACKAGE_STRING "librcsc 4.1.0"
| #define PACKAGE_BUGREPORT "akky@users.sourceforge.jp"
| #define PACKAGE_URL ""
| #define PACKAGE "librcsc"
| #define VERSION "4.1.0"
| /* end confdefs.h.  */
| #include <ac_nonexistent.h>
configure:6897: result: gcc -E
configure:6917: gcc -E  conftest.c
configure:6917: $? = 0
configure:6931: gcc -E  conftest.c
conftest.c:11:10: fatal error: ac_nonexistent.h: No such file or directory
 #include <ac_nonexistent.h>
          ^~~~~~~~~~~~~~~~~~
compilation terminated.
configure:6931: $? = 1
configure: failed program was:
| /* confdefs.h */
| #define PACKAGE_NAME "librcsc"
| #define PACKAGE_TARNAME "librcsc"
| #define PACKAGE_VERSION "4.1.0"
| #define PACKAGE_STRING "librcsc 4.1.0"
| #define PACKAGE_BUGREPORT "akky@users.sourceforge.jp"
| #define PACKAGE_URL ""
| #define PACKAGE "librcsc"
| #define VERSION "4.1.0"
| /* end confdefs.h.  */
| #include <ac_nonexistent.h>
configure:6960: checking for ANSI C header files
configure:6980: gcc -c -g -O2  conftest.c >&5
configure:6980: $? = 0
configure:7053: gcc -o conftest -g -O2   conftest.c  >&5
configure:7053: $? = 0
configure:7053: ./conftest
configure:7053: $? = 0
configure:7064: result: yes
configure:7077: checking for sys/types.h
configure:7077: gcc -c -g -O2  conftest.c >&5
configure:7077: $? = 0
configure:7077: result: yes
configure:7077: checking for sys/stat.h
configure:7077: gcc -c -g -O2  conftest.c >&5
configure:7077: $? = 0
configure:7077: result: yes
configure:7077: checking for stdlib.h
configure:7077: gcc -c -g -O2  conftest.c >&5
configure:7077: $? = 0
configure:7077: result: yes
configure:7077: checking for string.h
configure:7077: gcc -c -g -O2  conftest.c >&5
configure:7077: $? = 0
configure:7077: result: yes
configure:7077: checking for memory.h
configure:7077: gcc -c -g -O2  conftest.c >&5
configure:7077: $? = 0
configure:7077: result: yes
configure:7077: checking for strings.h
configure:7077: gcc -c -g -O2  conftest.c >&5
configure:7077: $? = 0
configure:7077: result: yes
configure:7077: checking for inttypes.h
configure:7077: gcc -c -g -O2  conftest.c >&5
configure:7077: $? = 0
configure:7077: result: yes
configure:7077: checking for stdint.h
configure:7077: gcc -c -g -O2  conftest.c >&5
configure:7077: $? = 0
configure:7077: result: yes
configure:7077: checking for unistd.h
configure:7077: gcc -c -g -O2  conftest.c >&5
configure:7077: $? = 0
configure:7077: result: yes
configure:7091: checking for dlfcn.h
configure:7091: gcc -c -g -O2  conftest.c >&5
configure:7091: $? = 0
configure:7091: result: yes
configure:7273: checking for objdir
configure:7288: result: .libs
configure:7584: checking if gcc supports -fno-rtti -fno-exceptions
configure:7602: gcc -c -g -O2  -fno-rtti -fno-exceptions conftest.c >&5
cc1: warning: command line option '-fno-rtti' is valid for C++/ObjC++ but not for C
configure:7606: $? = 0
configure:7619: result: no
configure:7639: checking for gcc option to produce PIC
configure:7911: result: -fPIC -DPIC
configure:7923: checking if gcc PIC flag -fPIC -DPIC works
configure:7941: gcc -c -g -O2  -fPIC -DPIC -DPIC conftest.c >&5
configure:7945: $? = 0
configure:7958: result: yes
configure:7982: checking if gcc static flag -static works
configure:8010: result: yes
configure:8025: checking if gcc supports -c -o file.o
configure:8046: gcc -c -g -O2  -o out/conftest2.o conftest.c >&5
configure:8050: $? = 0
configure:8072: result: yes
configure:8080: checking if gcc supports -c -o file.o
configure:8127: result: yes
configure:8160: checking whether the gcc linker (/usr/bin/ld) supports shared libraries
configure:9151: result: yes
configure:9188: checking whether -lc should be explicitly linked in
configure:9193: gcc -c -g -O2  conftest.c >&5
configure:9196: $? = 0
configure:9211: gcc -shared conftest.o  -v -Wl,-soname -Wl,conftest -o conftest 2\>\&1 \| /bin/grep  -lc  \>/dev/null 2\>\&1
configure:9214: $? = 0
configure:9226: result: no
configure:9390: checking dynamic linker characteristics
configure:9823: gcc -o conftest -g -O2   -Wl,-rpath -Wl,/foo conftest.c  >&5
configure:9823: $? = 0
configure:10053: result: GNU/Linux ld.so
configure:10155: checking how to hardcode library paths into programs
configure:10180: result: immediate
configure:10700: checking whether stripping libraries is possible
configure:10705: result: yes
configure:10740: checking if libtool supports shared libraries
configure:10742: result: yes
configure:10745: checking whether to build shared libraries
configure:10766: result: yes
configure:10769: checking whether to build static libraries
configure:10773: result: no
configure:10868: checking for g++
configure:10884: found /usr/bin/g++
configure:10895: result: g++
configure:10922: checking for C++ compiler version
configure:10931: g++ --version >&5
g++ (Ubuntu 7.3.0-27ubuntu1~18.04) 7.3.0
Copyright (C) 2017 Free Software Foundation, Inc.
This is free software; see the source for copying conditions.  There is NO
warranty; not even for MERCHANTABILITY or FITNESS FOR A PARTICULAR PURPOSE.

configure:10942: $? = 0
configure:10931: g++ -v >&5
Using built-in specs.
COLLECT_GCC=g++
COLLECT_LTO_WRAPPER=/usr/lib/gcc/x86_64-linux-gnu/7/lto-wrapper
OFFLOAD_TARGET_NAMES=nvptx-none
OFFLOAD_TARGET_DEFAULT=1
Target: x86_64-linux-gnu
Configured with: ../src/configure -v --with-pkgversion='Ubuntu 7.3.0-27ubuntu1~18.04' --with-bugurl=file:///usr/share/doc/gcc-7/README.Bugs --enable-languages=c,ada,c++,go,brig,d,fortran,objc,obj-c++ --prefix=/usr --with-gcc-major-version-only --program-suffix=-7 --program-prefix=x86_64-linux-gnu- --enable-shared --enable-linker-build-id --libexecdir=/usr/lib --without-included-gettext --enable-threads=posix --libdir=/usr/lib --enable-nls --with-sysroot=/ --enable-clocale=gnu --enable-libstdcxx-debug --enable-libstdcxx-time=yes --with-default-libstdcxx-abi=new --enable-gnu-unique-object --disable-vtable-verify --enable-libmpx --enable-plugin --enable-default-pie --with-system-zlib --with-target-system-zlib --enable-objc-gc=auto --enable-multiarch --disable-werror --with-arch-32=i686 --with-abi=m64 --with-multilib-list=m32,m64,mx32 --enable-multilib --with-tune=generic --enable-offload-targets=nvptx-none --without-cuda-driver --enable-checking=release --build=x86_64-linux-gnu --host=x86_64-linux-gnu --target=x86_64-linux-gnu
Thread model: posix
gcc version 7.3.0 (Ubuntu 7.3.0-27ubuntu1~18.04) 
configure:10942: $? = 0
configure:10931: g++ -V >&5
g++: error: unrecognized command line option '-V'
g++: fatal error: no input files
compilation terminated.
configure:10942: $? = 1
configure:10931: g++ -qversion >&5
g++: error: unrecognized command line option '-qversion'; did you mean '--version'?
g++: fatal error: no input files
compilation terminated.
configure:10942: $? = 1
configure:10946: checking whether we are using the GNU C++ compiler
configure:10965: g++ -c   conftest.cpp >&5
configure:10965: $? = 0
configure:10974: result: yes
configure:10983: checking whether g++ accepts -g
configure:11003: g++ -c -g  conftest.cpp >&5
configure:11003: $? = 0
configure:11044: result: yes
configure:11069: checking dependency style of g++
configure:11179: result: gcc3
configure:11202: checking how to run the C++ preprocessor
configure:11229: g++ -E  conftest.cpp
configure:11229: $? = 0
configure:11243: g++ -E  conftest.cpp
conftest.cpp:23:10: fatal error: ac_nonexistent.h: No such file or directory
 #include <ac_nonexistent.h>
          ^~~~~~~~~~~~~~~~~~
compilation terminated.
configure:11243: $? = 1
configure: failed program was:
| /* confdefs.h */
| #define PACKAGE_NAME "librcsc"
| #define PACKAGE_TARNAME "librcsc"
| #define PACKAGE_VERSION "4.1.0"
| #define PACKAGE_STRING "librcsc 4.1.0"
| #define PACKAGE_BUGREPORT "akky@users.sourceforge.jp"
| #define PACKAGE_URL ""
| #define PACKAGE "librcsc"
| #define VERSION "4.1.0"
| #define STDC_HEADERS 1
| #define HAVE_SYS_TYPES_H 1
| #define HAVE_SYS_STAT_H 1
| #define HAVE_STDLIB_H 1
| #define HAVE_STRING_H 1
| #define HAVE_MEMORY_H 1
| #define HAVE_STRINGS_H 1
| #define HAVE_INTTYPES_H 1
| #define HAVE_STDINT_H 1
| #define HAVE_UNISTD_H 1
| #define HAVE_DLFCN_H 1
| #define LT_OBJDIR ".libs/"
| /* end confdefs.h.  */
| #include <ac_nonexistent.h>
configure:11268: result: g++ -E
configure:11288: g++ -E  conftest.cpp
configure:11288: $? = 0
configure:11302: g++ -E  conftest.cpp
conftest.cpp:23:10: fatal error: ac_nonexistent.h: No such file or directory
 #include <ac_nonexistent.h>
          ^~~~~~~~~~~~~~~~~~
compilation terminated.
configure:11302: $? = 1
configure: failed program was:
| /* confdefs.h */
| #define PACKAGE_NAME "librcsc"
| #define PACKAGE_TARNAME "librcsc"
| #define PACKAGE_VERSION "4.1.0"
| #define PACKAGE_STRING "librcsc 4.1.0"
| #define PACKAGE_BUGREPORT "akky@users.sourceforge.jp"
| #define PACKAGE_URL ""
| #define PACKAGE "librcsc"
| #define VERSION "4.1.0"
| #define STDC_HEADERS 1
| #define HAVE_SYS_TYPES_H 1
| #define HAVE_SYS_STAT_H 1
| #define HAVE_STDLIB_H 1
| #define HAVE_STRING_H 1
| #define HAVE_MEMORY_H 1
| #define HAVE_STRINGS_H 1
| #define HAVE_INTTYPES_H 1
| #define HAVE_STDINT_H 1
| #define HAVE_UNISTD_H 1
| #define HAVE_DLFCN_H 1
| #define LT_OBJDIR ".libs/"
| /* end confdefs.h.  */
| #include <ac_nonexistent.h>
configure:11470: checking for ld used by g++
configure:11537: result: /usr/bin/ld
configure:11544: checking if the linker (/usr/bin/ld) is GNU ld
configure:11559: result: yes
configure:11614: checking whether the g++ linker (/usr/bin/ld) supports shared libraries
configure:12527: result: yes
configure:12555: g++ -c -g -O2  conftest.cpp >&5
configure:12558: $? = 0
configure:12740: checking for g++ option to produce PIC
configure:13057: result: -fPIC -DPIC
configure:13066: checking if g++ PIC flag -fPIC -DPIC works
configure:13084: g++ -c -g -O2  -fPIC -DPIC -DPIC conftest.cpp >&5
configure:13088: $? = 0
configure:13101: result: yes
configure:13122: checking if g++ static flag -static works
configure:13150: result: yes
configure:13162: checking if g++ supports -c -o file.o
configure:13183: g++ -c -g -O2  -o out/conftest2.o conftest.cpp >&5
configure:13187: $? = 0
configure:13209: result: yes
configure:13214: checking if g++ supports -c -o file.o
configure:13261: result: yes
configure:13291: checking whether the g++ linker (/usr/bin/ld) supports shared libraries
configure:13320: result: yes
configure:13457: checking dynamic linker characteristics
configure:13838: g++ -o conftest -g -O2   -Wl,-rpath -Wl,/foo conftest.cpp  >&5
configure:13838: $? = 0
configure:14068: result: GNU/Linux ld.so
configure:14119: checking how to hardcode library paths into programs
configure:14144: result: immediate
configure:14304: checking for C++ compiler version
configure:14313: g++ --version >&5
g++ (Ubuntu 7.3.0-27ubuntu1~18.04) 7.3.0
Copyright (C) 2017 Free Software Foundation, Inc.
This is free software; see the source for copying conditions.  There is NO
warranty; not even for MERCHANTABILITY or FITNESS FOR A PARTICULAR PURPOSE.

configure:14324: $? = 0
configure:14313: g++ -v >&5
Using built-in specs.
COLLECT_GCC=g++
COLLECT_LTO_WRAPPER=/usr/lib/gcc/x86_64-linux-gnu/7/lto-wrapper
OFFLOAD_TARGET_NAMES=nvptx-none
OFFLOAD_TARGET_DEFAULT=1
Target: x86_64-linux-gnu
Configured with: ../src/configure -v --with-pkgversion='Ubuntu 7.3.0-27ubuntu1~18.04' --with-bugurl=file:///usr/share/doc/gcc-7/README.Bugs --enable-languages=c,ada,c++,go,brig,d,fortran,objc,obj-c++ --prefix=/usr --with-gcc-major-version-only --program-suffix=-7 --program-prefix=x86_64-linux-gnu- --enable-shared --enable-linker-build-id --libexecdir=/usr/lib --without-included-gettext --enable-threads=posix --libdir=/usr/lib --enable-nls --with-sysroot=/ --enable-clocale=gnu --enable-libstdcxx-debug --enable-libstdcxx-time=yes --with-default-libstdcxx-abi=new --enable-gnu-unique-object --disable-vtable-verify --enable-libmpx --enable-plugin --enable-default-pie --with-system-zlib --with-target-system-zlib --enable-objc-gc=auto --enable-multiarch --disable-werror --with-arch-32=i686 --with-abi=m64 --with-multilib-list=m32,m64,mx32 --enable-multilib --with-tune=generic --enable-offload-targets=nvptx-none --without-cuda-driver --enable-checking=release --build=x86_64-linux-gnu --host=x86_64-linux-gnu --target=x86_64-linux-gnu
Thread model: posix
gcc version 7.3.0 (Ubuntu 7.3.0-27ubuntu1~18.04) 
configure:14324: $? = 0
configure:14313: g++ -V >&5
g++: error: unrecognized command line option '-V'
g++: fatal error: no input files
compilation terminated.
configure:14324: $? = 1
configure:14313: g++ -qversion >&5
g++: error: unrecognized command line option '-qversion'; did you mean '--version'?
g++: fatal error: no input files
compilation terminated.
configure:14324: $? = 1
configure:14328: checking whether we are using the GNU C++ compiler
configure:14356: result: yes
configure:14365: checking whether g++ accepts -g
configure:14426: result: yes
configure:14451: checking dependency style of g++
configure:14561: result: gcc3
configure:14624: checking for gcc
configure:14651: result: gcc
configure:14880: checking for C compiler version
configure:14889: gcc --version >&5
gcc (Ubuntu 7.3.0-27ubuntu1~18.04) 7.3.0
Copyright (C) 2017 Free Software Foundation, Inc.
This is free software; see the source for copying conditions.  There is NO
warranty; not even for MERCHANTABILITY or FITNESS FOR A PARTICULAR PURPOSE.

configure:14900: $? = 0
configure:14889: gcc -v >&5
Using built-in specs.
COLLECT_GCC=gcc
COLLECT_LTO_WRAPPER=/usr/lib/gcc/x86_64-linux-gnu/7/lto-wrapper
OFFLOAD_TARGET_NAMES=nvptx-none
OFFLOAD_TARGET_DEFAULT=1
Target: x86_64-linux-gnu
Configured with: ../src/configure -v --with-pkgversion='Ubuntu 7.3.0-27ubuntu1~18.04' --with-bugurl=file:///usr/share/doc/gcc-7/README.Bugs --enable-languages=c,ada,c++,go,brig,d,fortran,objc,obj-c++ --prefix=/usr --with-gcc-major-version-only --program-suffix=-7 --program-prefix=x86_64-linux-gnu- --enable-shared --enable-linker-build-id --libexecdir=/usr/lib --without-included-gettext --enable-threads=posix --libdir=/usr/lib --enable-nls --with-sysroot=/ --enable-clocale=gnu --enable-libstdcxx-debug --enable-libstdcxx-time=yes --with-default-libstdcxx-abi=new --enable-gnu-unique-object --disable-vtable-verify --enable-libmpx --enable-plugin --enable-default-pie --with-system-zlib --with-target-system-zlib --enable-objc-gc=auto --enable-multiarch --disable-werror --with-arch-32=i686 --with-abi=m64 --with-multilib-list=m32,m64,mx32 --enable-multilib --with-tune=generic --enable-offload-targets=nvptx-none --without-cuda-driver --enable-checking=release --build=x86_64-linux-gnu --host=x86_64-linux-gnu --target=x86_64-linux-gnu
Thread model: posix
gcc version 7.3.0 (Ubuntu 7.3.0-27ubuntu1~18.04) 
configure:14900: $? = 0
configure:14889: gcc -V >&5
gcc: error: unrecognized command line option '-V'
gcc: fatal error: no input files
compilation terminated.
configure:14900: $? = 1
configure:14889: gcc -qversion >&5
gcc: error: unrecognized command line option '-qversion'; did you mean '--version'?
gcc: fatal error: no input files
compilation terminated.
configure:14900: $? = 1
configure:14904: checking whether we are using the GNU C compiler
configure:14932: result: yes
configure:14941: checking whether gcc accepts -g
configure:15002: result: yes
configure:15019: checking for gcc option to accept ISO C89
configure:15095: result: none needed
configure:15117: checking dependency style of gcc
configure:15227: result: gcc3
configure:15247: checking how to run the C preprocessor
configure:15317: result: gcc -E
configure:15337: gcc -E  conftest.c
configure:15337: $? = 0
configure:15351: gcc -E  conftest.c
conftest.c:23:10: fatal error: ac_nonexistent.h: No such file or directory
 #include <ac_nonexistent.h>
          ^~~~~~~~~~~~~~~~~~
compilation terminated.
configure:15351: $? = 1
configure: failed program was:
| /* confdefs.h */
| #define PACKAGE_NAME "librcsc"
| #define PACKAGE_TARNAME "librcsc"
| #define PACKAGE_VERSION "4.1.0"
| #define PACKAGE_STRING "librcsc 4.1.0"
| #define PACKAGE_BUGREPORT "akky@users.sourceforge.jp"
| #define PACKAGE_URL ""
| #define PACKAGE "librcsc"
| #define VERSION "4.1.0"
| #define STDC_HEADERS 1
| #define HAVE_SYS_TYPES_H 1
| #define HAVE_SYS_STAT_H 1
| #define HAVE_STDLIB_H 1
| #define HAVE_STRING_H 1
| #define HAVE_MEMORY_H 1
| #define HAVE_STRINGS_H 1
| #define HAVE_INTTYPES_H 1
| #define HAVE_STDINT_H 1
| #define HAVE_UNISTD_H 1
| #define HAVE_DLFCN_H 1
| #define LT_OBJDIR ".libs/"
| /* end confdefs.h.  */
| #include <ac_nonexistent.h>
configure:15380: checking whether ln -s works
configure:15384: result: yes
configure:15391: checking whether make sets $(MAKE)
configure:15413: result: yes
configure:15427: checking for cos in -lm
configure:15452: g++ -o conftest -g -O2   conftest.cpp -lm   >&5
conftest.cpp:30:6: warning: declaration of 'char cos()' conflicts with built-in declaration 'double cos(double)' [-Wbuiltin-declaration-mismatch]
 char cos ();
      ^~~
configure:15452: $? = 0
configure:15461: result: yes
configure:15470: checking for deflate in -lz
configure:15495: g++ -o conftest -g -O2   conftest.cpp -lz  -lm  >&5
configure:15495: $? = 0
configure:15504: result: yes
configure:15523: checking arpa/inet.h usability
configure:15523: g++ -c -g -O2  conftest.cpp >&5
configure:15523: $? = 0
configure:15523: result: yes
configure:15523: checking arpa/inet.h presence
configure:15523: g++ -E  conftest.cpp
configure:15523: $? = 0
configure:15523: result: yes
configure:15523: checking for arpa/inet.h
configure:15523: result: yes
configure:15535: checking fcntl.h usability
configure:15535: g++ -c -g -O2  conftest.cpp >&5
configure:15535: $? = 0
configure:15535: result: yes
configure:15535: checking fcntl.h presence
configure:15535: g++ -E  conftest.cpp
configure:15535: $? = 0
configure:15535: result: yes
configure:15535: checking for fcntl.h
configure:15535: result: yes
configure:15549: checking netinet/in.h usability
configure:15549: g++ -c -g -O2  conftest.cpp >&5
configure:15549: $? = 0
configure:15549: result: yes
configure:15549: checking netinet/in.h presence
configure:15549: g++ -E  conftest.cpp
configure:15549: $? = 0
configure:15549: result: yes
configure:15549: checking for netinet/in.h
configure:15549: result: yes
configure:15563: checking netdb.h usability
configure:15563: g++ -c -g -O2  conftest.cpp >&5
configure:15563: $? = 0
configure:15563: result: yes
configure:15563: checking netdb.h presence
configure:15563: g++ -E  conftest.cpp
configure:15563: $? = 0
configure:15563: result: yes
configure:15563: checking for netdb.h
configure:15563: result: yes
configure:15577: checking sys/socket.h usability
configure:15577: g++ -c -g -O2  conftest.cpp >&5
configure:15577: $? = 0
configure:15577: result: yes
configure:15577: checking sys/socket.h presence
configure:15577: g++ -E  conftest.cpp
configure:15577: $? = 0
configure:15577: result: yes
configure:15577: checking for sys/socket.h
configure:15577: result: yes
configure:15591: checking sys/time.h usability
configure:15591: g++ -c -g -O2  conftest.cpp >&5
configure:15591: $? = 0
configure:15591: result: yes
configure:15591: checking sys/time.h presence
configure:15591: g++ -E  conftest.cpp
configure:15591: $? = 0
configure:15591: result: yes
configure:15591: checking for sys/time.h
configure:15591: result: yes
configure:15605: checking for unistd.h
configure:15605: result: yes
configure:15622: checking for socklen_t
configure:15622: g++ -c -g -O2  conftest.cpp >&5
configure:15622: $? = 0
configure:15622: g++ -c -g -O2  conftest.cpp >&5
conftest.cpp: In function 'int main()':
conftest.cpp:40:23: error: expected primary-expression before ')' token
 if (sizeof ((socklen_t)))
                       ^
configure:15622: $? = 1
configure: failed program was:
| /* confdefs.h */
| #define PACKAGE_NAME "librcsc"
| #define PACKAGE_TARNAME "librcsc"
| #define PACKAGE_VERSION "4.1.0"
| #define PACKAGE_STRING "librcsc 4.1.0"
| #define PACKAGE_BUGREPORT "akky@users.sourceforge.jp"
| #define PACKAGE_URL ""
| #define PACKAGE "librcsc"
| #define VERSION "4.1.0"
| #define STDC_HEADERS 1
| #define HAVE_SYS_TYPES_H 1
| #define HAVE_SYS_STAT_H 1
| #define HAVE_STDLIB_H 1
| #define HAVE_STRING_H 1
| #define HAVE_MEMORY_H 1
| #define HAVE_STRINGS_H 1
| #define HAVE_INTTYPES_H 1
| #define HAVE_STDINT_H 1
| #define HAVE_UNISTD_H 1
| #define HAVE_DLFCN_H 1
| #define LT_OBJDIR ".libs/"
| #define HAVE_LIBZ 1
| #define HAVE_ARPA_INET_H 1
| #define HAVE_FCNTL_H 1
| #define HAVE_NETINET_IN_H 1
| #define HAVE_NETDB_H 1
| #define HAVE_SYS_SOCKET_H 1
| #define HAVE_SYS_TIME_H 1
| #define HAVE_UNISTD_H 1
| /* end confdefs.h.  */
| 
| #if HAVE_SYS_TYPES_H
| # include <sys/types.h>
| #endif
| #include <sys/socket.h>
| 
| int
| main ()
| {
| if (sizeof ((socklen_t)))
| 	    return 0;
|   ;
|   return 0;
| }
configure:15622: result: yes
configure:15646: checking for stdbool.h that conforms to C99
configure:15713: g++ -c -g -O2  conftest.cpp >&5
conftest.cpp:35:15: error: expected unqualified-id before string constant
               "error: bool is not defined"
               ^~~~~~~~~~~~~~~~~~~~~~~~~~~~
conftest.cpp:53:48: error: 's' does not name a type
              struct s { _Bool s: 1; _Bool t; } s;
                                                ^
conftest.cpp:63:28: error: 's' was not declared in this scope
              char i[sizeof s.t];
                            ^
conftest.cpp: In function 'int main()':
conftest.cpp:81:24: error: 's' was not declared in this scope
              bool e = &s;
                        ^
conftest.cpp:85:63: error: 'i' was not declared in this scope
              return (!a + !b + !c + !d + !e + !f + !g + !h + !i + !!j + !k + !!l
                                                               ^
configure:15713: $? = 1
configure: failed program was:
| /* confdefs.h */
| #define PACKAGE_NAME "librcsc"
| #define PACKAGE_TARNAME "librcsc"
| #define PACKAGE_VERSION "4.1.0"
| #define PACKAGE_STRING "librcsc 4.1.0"
| #define PACKAGE_BUGREPORT "akky@users.sourceforge.jp"
| #define PACKAGE_URL ""
| #define PACKAGE "librcsc"
| #define VERSION "4.1.0"
| #define STDC_HEADERS 1
| #define HAVE_SYS_TYPES_H 1
| #define HAVE_SYS_STAT_H 1
| #define HAVE_STDLIB_H 1
| #define HAVE_STRING_H 1
| #define HAVE_MEMORY_H 1
| #define HAVE_STRINGS_H 1
| #define HAVE_INTTYPES_H 1
| #define HAVE_STDINT_H 1
| #define HAVE_UNISTD_H 1
| #define HAVE_DLFCN_H 1
| #define LT_OBJDIR ".libs/"
| #define HAVE_LIBZ 1
| #define HAVE_ARPA_INET_H 1
| #define HAVE_FCNTL_H 1
| #define HAVE_NETINET_IN_H 1
| #define HAVE_NETDB_H 1
| #define HAVE_SYS_SOCKET_H 1
| #define HAVE_SYS_TIME_H 1
| #define HAVE_UNISTD_H 1
| #define HAVE_SOCKLEN_T 1
| /* end confdefs.h.  */
| 
|              #include <stdbool.h>
|              #ifndef bool
|               "error: bool is not defined"
|              #endif
|              #ifndef false
|               "error: false is not defined"
|              #endif
|              #if false
|               "error: false is not 0"
|              #endif
|              #ifndef true
|               "error: true is not defined"
|              #endif
|              #if true != 1
|               "error: true is not 1"
|              #endif
|              #ifndef __bool_true_false_are_defined
|               "error: __bool_true_false_are_defined is not defined"
|              #endif
| 
|              struct s { _Bool s: 1; _Bool t; } s;
| 
|              char a[true == 1 ? 1 : -1];
|              char b[false == 0 ? 1 : -1];
|              char c[__bool_true_false_are_defined == 1 ? 1 : -1];
|              char d[(bool) 0.5 == true ? 1 : -1];
|              /* See body of main program for 'e'.  */
|              char f[(_Bool) 0.0 == false ? 1 : -1];
|              char g[true];
|              char h[sizeof (_Bool)];
|              char i[sizeof s.t];
|              enum { j = false, k = true, l = false * true, m = true * 256 };
|              /* The following fails for
|                 HP aC++/ANSI C B3910B A.05.55 [Dec 04 2003]. */
|              _Bool n[m];
|              char o[sizeof n == m * sizeof n[0] ? 1 : -1];
|              char p[-1 - (_Bool) 0 < 0 && -1 - (bool) 0 < 0 ? 1 : -1];
|              /* Catch a bug in an HP-UX C compiler.  See
|                 http://gcc.gnu.org/ml/gcc-patches/2003-12/msg02303.html
|                 http://lists.gnu.org/archive/html/bug-coreutils/2005-11/msg00161.html
|               */
|              _Bool q = true;
|              _Bool *pq = &q;
| 
| int
| main ()
| {
| 
|              bool e = &s;
|              *pq |= q;
|              *pq |= ! q;
|              /* Refer to every declared value, to avoid compiler optimizations.  */
|              return (!a + !b + !c + !d + !e + !f + !g + !h + !i + !!j + !k + !!l
|                      + !m + !n + !o + !p + !q + !pq);
| 
|   ;
|   return 0;
| }
configure:15720: result: no
configure:15722: checking for _Bool
configure:15722: g++ -c -g -O2  conftest.cpp >&5
conftest.cpp: In function 'int main()':
conftest.cpp:68:13: error: '_Bool' was not declared in this scope
 if (sizeof (_Bool))
             ^~~~~
conftest.cpp:68:13: note: suggested alternative: 'bool'
 if (sizeof (_Bool))
             ^~~~~
             bool
configure:15722: $? = 1
configure: failed program was:
| /* confdefs.h */
| #define PACKAGE_NAME "librcsc"
| #define PACKAGE_TARNAME "librcsc"
| #define PACKAGE_VERSION "4.1.0"
| #define PACKAGE_STRING "librcsc 4.1.0"
| #define PACKAGE_BUGREPORT "akky@users.sourceforge.jp"
| #define PACKAGE_URL ""
| #define PACKAGE "librcsc"
| #define VERSION "4.1.0"
| #define STDC_HEADERS 1
| #define HAVE_SYS_TYPES_H 1
| #define HAVE_SYS_STAT_H 1
| #define HAVE_STDLIB_H 1
| #define HAVE_STRING_H 1
| #define HAVE_MEMORY_H 1
| #define HAVE_STRINGS_H 1
| #define HAVE_INTTYPES_H 1
| #define HAVE_STDINT_H 1
| #define HAVE_UNISTD_H 1
| #define HAVE_DLFCN_H 1
| #define LT_OBJDIR ".libs/"
| #define HAVE_LIBZ 1
| #define HAVE_ARPA_INET_H 1
| #define HAVE_FCNTL_H 1
| #define HAVE_NETINET_IN_H 1
| #define HAVE_NETDB_H 1
| #define HAVE_SYS_SOCKET_H 1
| #define HAVE_SYS_TIME_H 1
| #define HAVE_UNISTD_H 1
| #define HAVE_SOCKLEN_T 1
| /* end confdefs.h.  */
| #include <stdio.h>
| #ifdef HAVE_SYS_TYPES_H
| # include <sys/types.h>
| #endif
| #ifdef HAVE_SYS_STAT_H
| # include <sys/stat.h>
| #endif
| #ifdef STDC_HEADERS
| # include <stdlib.h>
| # include <stddef.h>
| #else
| # ifdef HAVE_STDLIB_H
| #  include <stdlib.h>
| # endif
| #endif
| #ifdef HAVE_STRING_H
| # if !defined STDC_HEADERS && defined HAVE_MEMORY_H
| #  include <memory.h>
| # endif
| # include <string.h>
| #endif
| #ifdef HAVE_STRINGS_H
| # include <strings.h>
| #endif
| #ifdef HAVE_INTTYPES_H
| # include <inttypes.h>
| #endif
| #ifdef HAVE_STDINT_H
| # include <stdint.h>
| #endif
| #ifdef HAVE_UNISTD_H
| # include <unistd.h>
| #endif
| int
| main ()
| {
| if (sizeof (_Bool))
| 	 return 0;
|   ;
|   return 0;
| }
configure:15722: result: no
configure:15739: checking for an ANSI C-conforming const
configure:15805: g++ -c -g -O2  conftest.cpp >&5
configure:15805: $? = 0
configure:15812: result: yes
configure:15820: checking for inline
configure:15836: g++ -c -g -O2  conftest.cpp >&5
configure:15836: $? = 0
configure:15844: result: inline
configure:15866: checking for size_t
configure:15866: g++ -c -g -O2  conftest.cpp >&5
configure:15866: $? = 0
configure:15866: g++ -c -g -O2  conftest.cpp >&5
conftest.cpp: In function 'int main()':
conftest.cpp:68:20: error: expected primary-expression before ')' token
 if (sizeof ((size_t)))
                    ^
configure:15866: $? = 1
configure: failed program was:
| /* confdefs.h */
| #define PACKAGE_NAME "librcsc"
| #define PACKAGE_TARNAME "librcsc"
| #define PACKAGE_VERSION "4.1.0"
| #define PACKAGE_STRING "librcsc 4.1.0"
| #define PACKAGE_BUGREPORT "akky@users.sourceforge.jp"
| #define PACKAGE_URL ""
| #define PACKAGE "librcsc"
| #define VERSION "4.1.0"
| #define STDC_HEADERS 1
| #define HAVE_SYS_TYPES_H 1
| #define HAVE_SYS_STAT_H 1
| #define HAVE_STDLIB_H 1
| #define HAVE_STRING_H 1
| #define HAVE_MEMORY_H 1
| #define HAVE_STRINGS_H 1
| #define HAVE_INTTYPES_H 1
| #define HAVE_STDINT_H 1
| #define HAVE_UNISTD_H 1
| #define HAVE_DLFCN_H 1
| #define LT_OBJDIR ".libs/"
| #define HAVE_LIBZ 1
| #define HAVE_ARPA_INET_H 1
| #define HAVE_FCNTL_H 1
| #define HAVE_NETINET_IN_H 1
| #define HAVE_NETDB_H 1
| #define HAVE_SYS_SOCKET_H 1
| #define HAVE_SYS_TIME_H 1
| #define HAVE_UNISTD_H 1
| #define HAVE_SOCKLEN_T 1
| /* end confdefs.h.  */
| #include <stdio.h>
| #ifdef HAVE_SYS_TYPES_H
| # include <sys/types.h>
| #endif
| #ifdef HAVE_SYS_STAT_H
| # include <sys/stat.h>
| #endif
| #ifdef STDC_HEADERS
| # include <stdlib.h>
| # include <stddef.h>
| #else
| # ifdef HAVE_STDLIB_H
| #  include <stdlib.h>
| # endif
| #endif
| #ifdef HAVE_STRING_H
| # if !defined STDC_HEADERS && defined HAVE_MEMORY_H
| #  include <memory.h>
| # endif
| # include <string.h>
| #endif
| #ifdef HAVE_STRINGS_H
| # include <strings.h>
| #endif
| #ifdef HAVE_INTTYPES_H
| # include <inttypes.h>
| #endif
| #ifdef HAVE_STDINT_H
| # include <stdint.h>
| #endif
| #ifdef HAVE_UNISTD_H
| # include <unistd.h>
| #endif
| int
| main ()
| {
| if (sizeof ((size_t)))
| 	    return 0;
|   ;
|   return 0;
| }
configure:15866: result: yes
configure:15877: checking whether time.h and sys/time.h may both be included
configure:15897: g++ -c -g -O2  conftest.cpp >&5
configure:15897: $? = 0
configure:15904: result: yes
configure:15916: checking for ANSI C header files
configure:16020: result: yes
configure:16030: checking for stdlib.h
configure:16030: result: yes
configure:16040: checking for GNU libc compatible malloc
configure:16064: g++ -o conftest -g -O2   conftest.cpp -lz -lm  >&5
configure:16064: $? = 0
configure:16064: ./conftest
configure:16064: $? = 0
configure:16074: result: yes
configure:16097: checking for stdlib.h
configure:16097: result: yes
configure:16107: checking for GNU libc compatible realloc
configure:16131: g++ -o conftest -g -O2   conftest.cpp -lz -lm  >&5
configure:16131: $? = 0
configure:16131: ./conftest
configure:16131: $? = 0
configure:16141: result: yes
configure:16165: checking sys/select.h usability
configure:16165: g++ -c -g -O2  conftest.cpp >&5
configure:16165: $? = 0
configure:16165: result: yes
configure:16165: checking sys/select.h presence
configure:16165: g++ -E  conftest.cpp
configure:16165: $? = 0
configure:16165: result: yes
configure:16165: checking for sys/select.h
configure:16165: result: yes
configure:16165: checking for sys/socket.h
configure:16165: result: yes
configure:16175: checking types of arguments for select
configure:16203: g++ -c -g -O2  conftest.cpp >&5
configure:16203: $? = 0
configure:16214: result: int,fd_set *,struct timeval *
configure:16237: checking for working strtod
configure:16278: g++ -o conftest -g -O2   conftest.cpp -lz -lm  >&5
conftest.cpp: In function 'int main()':
conftest.cpp:85:20: warning: ISO C++ forbids converting a string constant to 'char*' [-Wwrite-strings]
     char *string = " +69";
                    ^~~~~~
conftest.cpp:96:20: warning: ISO C++ forbids converting a string constant to 'char*' [-Wwrite-strings]
     char *string = "NaN";
                    ^~~~~
configure:16278: $? = 0
configure:16278: ./conftest
configure:16278: $? = 0
configure:16288: result: yes
configure:16352: checking for vprintf
configure:16352: g++ -o conftest -g -O2   conftest.cpp -lz -lm  >&5
conftest.cpp:66:6: warning: declaration of 'char vprintf()' conflicts with built-in declaration 'int vprintf(const char*, __va_list_tag*)' [-Wbuiltin-declaration-mismatch]
 char vprintf ();
      ^~~~~~~
configure:16352: $? = 0
configure:16352: result: yes
configure:16358: checking for _doprnt
configure:16358: g++ -o conftest -g -O2   conftest.cpp -lz -lm  >&5
/tmp/ccf4xcBy.o: In function `main':
/home/mroa/Git/SS2D_KickCount/librcsc_0.2_KickTable/conftest.cpp:78: undefined reference to `_doprnt'
collect2: error: ld returned 1 exit status
configure:16358: $? = 1
configure: failed program was:
| /* confdefs.h */
| #define PACKAGE_NAME "librcsc"
| #define PACKAGE_TARNAME "librcsc"
| #define PACKAGE_VERSION "4.1.0"
| #define PACKAGE_STRING "librcsc 4.1.0"
| #define PACKAGE_BUGREPORT "akky@users.sourceforge.jp"
| #define PACKAGE_URL ""
| #define PACKAGE "librcsc"
| #define VERSION "4.1.0"
| #define STDC_HEADERS 1
| #define HAVE_SYS_TYPES_H 1
| #define HAVE_SYS_STAT_H 1
| #define HAVE_STDLIB_H 1
| #define HAVE_STRING_H 1
| #define HAVE_MEMORY_H 1
| #define HAVE_STRINGS_H 1
| #define HAVE_INTTYPES_H 1
| #define HAVE_STDINT_H 1
| #define HAVE_UNISTD_H 1
| #define HAVE_DLFCN_H 1
| #define LT_OBJDIR ".libs/"
| #define HAVE_LIBZ 1
| #define HAVE_ARPA_INET_H 1
| #define HAVE_FCNTL_H 1
| #define HAVE_NETINET_IN_H 1
| #define HAVE_NETDB_H 1
| #define HAVE_SYS_SOCKET_H 1
| #define HAVE_SYS_TIME_H 1
| #define HAVE_UNISTD_H 1
| #define HAVE_SOCKLEN_T 1
| #define TIME_WITH_SYS_TIME 1
| #define STDC_HEADERS 1
| #define HAVE_STDLIB_H 1
| #define HAVE_MALLOC 1
| #define HAVE_STDLIB_H 1
| #define HAVE_REALLOC 1
| #define HAVE_SYS_SELECT_H 1
| #define HAVE_SYS_SOCKET_H 1
| #define SELECT_TYPE_ARG1 int
| #define SELECT_TYPE_ARG234 (fd_set *)
| #define SELECT_TYPE_ARG5 (struct timeval *)
| #define HAVE_VPRINTF 1
| /* end confdefs.h.  */
| /* Define _doprnt to an innocuous variant, in case <limits.h> declares _doprnt.
|    For example, HP-UX 11i <limits.h> declares gettimeofday.  */
| #define _doprnt innocuous__doprnt
| 
| /* System header to define __stub macros and hopefully few prototypes,
|     which can conflict with char _doprnt (); below.
|     Prefer <limits.h> to <assert.h> if __STDC__ is defined, since
|     <limits.h> exists even on freestanding compilers.  */
| 
| #ifdef __STDC__
| # include <limits.h>
| #else
| # include <assert.h>
| #endif
| 
| #undef _doprnt
| 
| /* Override any GCC internal prototype to avoid an error.
|    Use char because int might match the return type of a GCC
|    builtin and then its argument prototype would still apply.  */
| #ifdef __cplusplus
| extern "C"
| #endif
| char _doprnt ();
| /* The GNU C library defines this for functions which it implements
|     to always fail with ENOSYS.  Some functions are actually named
|     something starting with __ and the normal name is an alias.  */
| #if defined __stub__doprnt || defined __stub____doprnt
| choke me
| #endif
| 
| int
| main ()
| {
| return _doprnt ();
|   ;
|   return 0;
| }
configure:16358: result: no
configure:16372: checking for floor
configure:16372: g++ -o conftest -g -O2   conftest.cpp -lz -lm  >&5
conftest.cpp:67:6: warning: declaration of 'char floor()' conflicts with built-in declaration 'double floor(double)' [-Wbuiltin-declaration-mismatch]
 char floor ();
      ^~~~~
configure:16372: $? = 0
configure:16372: result: yes
configure:16372: checking for inet_addr
configure:16372: g++ -o conftest -g -O2   conftest.cpp -lz -lm  >&5
configure:16372: $? = 0
configure:16372: result: yes
configure:16372: checking for getaddrinfo
configure:16372: g++ -o conftest -g -O2   conftest.cpp -lz -lm  >&5
configure:16372: $? = 0
configure:16372: result: yes
configure:16372: checking for gethostbyname
configure:16372: g++ -o conftest -g -O2   conftest.cpp -lz -lm  >&5
configure:16372: $? = 0
configure:16372: result: yes
configure:16372: checking for gettimeofday
configure:16372: g++ -o conftest -g -O2   conftest.cpp -lz -lm  >&5
configure:16372: $? = 0
configure:16372: result: yes
configure:16384: checking for memset
configure:16384: g++ -o conftest -g -O2   conftest.cpp -lz -lm  >&5
conftest.cpp:72:6: warning: declaration of 'char memset()' conflicts with built-in declaration 'void* memset(void*, int, long unsigned int)' [-Wbuiltin-declaration-mismatch]
 char memset ();
      ^~~~~~
configure:16384: $? = 0
configure:16384: result: yes
configure:16384: checking for pow
configure:16384: g++ -o conftest -g -O2   conftest.cpp -lz -lm  >&5
conftest.cpp:73:6: warning: declaration of 'char pow()' conflicts with built-in declaration 'double pow(double, double)' [-Wbuiltin-declaration-mismatch]
 char pow ();
      ^~~
configure:16384: $? = 0
configure:16384: result: yes
configure:16384: checking for rint
configure:16384: g++ -o conftest -g -O2   conftest.cpp -lz -lm  >&5
conftest.cpp:74:6: warning: declaration of 'char rint()' conflicts with built-in declaration 'double rint(double)' [-Wbuiltin-declaration-mismatch]
 char rint ();
      ^~~~
configure:16384: $? = 0
configure:16384: result: yes
configure:16384: checking for select
configure:16384: g++ -o conftest -g -O2   conftest.cpp -lz -lm  >&5
configure:16384: $? = 0
configure:16384: result: yes
configure:16384: checking for socket
configure:16384: g++ -o conftest -g -O2   conftest.cpp -lz -lm  >&5
configure:16384: $? = 0
configure:16384: result: yes
configure:16384: checking for sqrt
configure:16384: g++ -o conftest -g -O2   conftest.cpp -lz -lm  >&5
conftest.cpp:77:6: warning: declaration of 'char sqrt()' conflicts with built-in declaration 'double sqrt(double)' [-Wbuiltin-declaration-mismatch]
 char sqrt ();
      ^~~~
configure:16384: $? = 0
configure:16384: result: yes
configure:16384: checking for strerror
configure:16384: g++ -o conftest -g -O2   conftest.cpp -lz -lm  >&5
configure:16384: $? = 0
configure:16384: result: yes
configure:16384: checking for strtol
configure:16384: g++ -o conftest -g -O2   conftest.cpp -lz -lm  >&5
configure:16384: $? = 0
configure:16384: result: yes
configure:16446: checking for boostlib >= 1.32.0
configure:16506: g++ -c -g -O2  -I/usr/include conftest.cpp >&5
configure:16506: $? = 0
configure:16508: result: yes
configure:16885: checking for doxygen
configure:16920: result: no
configure:16927: checking for dot
configure:16955: result: NO
configure:17129: creating ./config.status

## ---------------- ##
## Cache variables. ##
## ---------------- ##

ac_cv_build=x86_64-unknown-linux-gnu
ac_cv_c_compiler_gnu=yes
ac_cv_c_const=yes
ac_cv_c_inline=inline
ac_cv_cxx_compiler_gnu=yes
ac_cv_env_CCC_set=
ac_cv_env_CCC_value=
ac_cv_env_CC_set=
ac_cv_env_CC_value=
ac_cv_env_CFLAGS_set=
ac_cv_env_CFLAGS_value=
ac_cv_env_CPPFLAGS_set=
ac_cv_env_CPPFLAGS_value=
ac_cv_env_CPP_set=
ac_cv_env_CPP_value=
ac_cv_env_CXXCPP_set=
ac_cv_env_CXXCPP_value=
ac_cv_env_CXXFLAGS_set=
ac_cv_env_CXXFLAGS_value=
ac_cv_env_CXX_set=
ac_cv_env_CXX_value=
ac_cv_env_LDFLAGS_set=
ac_cv_env_LDFLAGS_value=
ac_cv_env_LIBS_set=
ac_cv_env_LIBS_value=
ac_cv_env_build_alias_set=
ac_cv_env_build_alias_value=
ac_cv_env_host_alias_set=
ac_cv_env_host_alias_value=
ac_cv_env_target_alias_set=
ac_cv_env_target_alias_value=
ac_cv_func__doprnt=no
ac_cv_func_floor=yes
ac_cv_func_getaddrinfo=yes
ac_cv_func_gethostbyname=yes
ac_cv_func_gettimeofday=yes
ac_cv_func_inet_addr=yes
ac_cv_func_malloc_0_nonnull=yes
ac_cv_func_memset=yes
ac_cv_func_pow=yes
ac_cv_func_realloc_0_nonnull=yes
ac_cv_func_rint=yes
ac_cv_func_select=yes
ac_cv_func_select_args='int,fd_set *,struct timeval *'
ac_cv_func_socket=yes
ac_cv_func_sqrt=yes
ac_cv_func_strerror=yes
ac_cv_func_strtod=yes
ac_cv_func_strtol=yes
ac_cv_func_vprintf=yes
ac_cv_header_arpa_inet_h=yes
ac_cv_header_dlfcn_h=yes
ac_cv_header_fcntl_h=yes
ac_cv_header_inttypes_h=yes
ac_cv_header_memory_h=yes
ac_cv_header_netdb_h=yes
ac_cv_header_netinet_in_h=yes
ac_cv_header_stdbool_h=no
ac_cv_header_stdc=yes
ac_cv_header_stdint_h=yes
ac_cv_header_stdlib_h=yes
ac_cv_header_string_h=yes
ac_cv_header_strings_h=yes
ac_cv_header_sys_select_h=yes
ac_cv_header_sys_socket_h=yes
ac_cv_header_sys_stat_h=yes
ac_cv_header_sys_time_h=yes
ac_cv_header_sys_types_h=yes
ac_cv_header_time=yes
ac_cv_header_unistd_h=yes
ac_cv_host=x86_64-unknown-linux-gnu
ac_cv_lib_m_cos=yes
ac_cv_lib_z_deflate=yes
ac_cv_objext=o
ac_cv_path_EGREP='/bin/grep -E'
ac_cv_path_FGREP='/bin/grep -F'
ac_cv_path_GREP=/bin/grep
ac_cv_path_SED=/bin/sed
ac_cv_path_install='/usr/bin/install -c'
ac_cv_path_mkdir=/bin/mkdir
ac_cv_prog_AWK=mawk
ac_cv_prog_CPP='gcc -E'
ac_cv_prog_CXXCPP='g++ -E'
ac_cv_prog_HAVE_DOT=NO
ac_cv_prog_ac_ct_AR=ar
ac_cv_prog_ac_ct_CC=gcc
ac_cv_prog_ac_ct_CXX=g++
ac_cv_prog_ac_ct_OBJDUMP=objdump
ac_cv_prog_ac_ct_RANLIB=ranlib
ac_cv_prog_ac_ct_STRIP=strip
ac_cv_prog_cc_c89=
ac_cv_prog_cc_g=yes
ac_cv_prog_cxx_g=yes
ac_cv_prog_make_make_set=yes
ac_cv_type__Bool=no
ac_cv_type_size_t=yes
ac_cv_type_socklen_t=yes
am_cv_CC_dependencies_compiler_type=gcc3
am_cv_CXX_dependencies_compiler_type=gcc3
lt_cv_deplibs_check_method=pass_all
lt_cv_file_magic_cmd='$MAGIC_CMD'
lt_cv_file_magic_test_file=
lt_cv_ld_reload_flag=-r
lt_cv_nm_interface='BSD nm'
lt_cv_objdir=.libs
lt_cv_path_LD=/usr/bin/ld
lt_cv_path_LDCXX=/usr/bin/ld
lt_cv_path_NM='/usr/bin/nm -B'
lt_cv_prog_compiler_c_o=yes
lt_cv_prog_compiler_c_o_CXX=yes
lt_cv_prog_compiler_pic_works=yes
lt_cv_prog_compiler_pic_works_CXX=yes
lt_cv_prog_compiler_rtti_exceptions=no
lt_cv_prog_compiler_static_works=yes
lt_cv_prog_compiler_static_works_CXX=yes
lt_cv_prog_gnu_ld=yes
lt_cv_prog_gnu_ldcxx=yes
lt_cv_sys_global_symbol_pipe=
lt_cv_sys_global_symbol_to_c_name_address='sed -n -e '\''s/^: \([^ ]*\) $/  {\"\1\", (void *) 0},/p'\'' -e '\''s/^[ABCDGIRSTW]* \([^ ]*\) \([^ ]*\)$/  {"\2", (void *) \&\2},/p'\'''
lt_cv_sys_global_symbol_to_c_name_address_lib_prefix='sed -n -e '\''s/^: \([^ ]*\) $/  {\"\1\", (void *) 0},/p'\'' -e '\''s/^[ABCDGIRSTW]* \([^ ]*\) \(lib[^ ]*\)$/  {"\2", (void *) \&\2},/p'\'' -e '\''s/^[ABCDGIRSTW]* \([^ ]*\) \([^ ]*\)$/  {"lib\2", (void *) \&\2},/p'\'''
lt_cv_sys_global_symbol_to_cdecl=
lt_cv_sys_max_cmd_len=1572864

## ----------------- ##
## Output variables. ##
## ----------------- ##

ACLOCAL='${SHELL} /home/mroa/Git/SS2D_KickCount/librcsc_0.2_KickTable/config/missing --run aclocal-1.11'
AMDEPBACKSLASH='\'
AMDEP_FALSE='#'
AMDEP_TRUE=''
AMTAR='${SHELL} /home/mroa/Git/SS2D_KickCount/librcsc_0.2_KickTable/config/missing --run tar'
AR='ar'
AUTOCONF='${SHELL} /home/mroa/Git/SS2D_KickCount/librcsc_0.2_KickTable/config/missing --run autoconf'
AUTOHEADER='${SHELL} /home/mroa/Git/SS2D_KickCount/librcsc_0.2_KickTable/config/missing --run autoheader'
AUTOMAKE='${SHELL} /home/mroa/Git/SS2D_KickCount/librcsc_0.2_KickTable/config/missing --run automake-1.11'
AWK='mawk'
BOOST_CPPFLAGS='-I/usr/include'
BOOST_LDFLAGS='-L/usr/lib64'
BUILD_EXAMPLE_FALSE=''
BUILD_EXAMPLE_TRUE='#'
CC='gcc'
CCDEPMODE='depmode=gcc3'
CFLAGS='-g -O2'
CPP='gcc -E'
CPPFLAGS=' -I/usr/include'
CPPUNIT_CFLAGS=''
CPPUNIT_CONFIG=''
CPPUNIT_LIBS=''
CXX='g++'
CXXCPP='g++ -E'
CXXDEPMODE='depmode=gcc3'
CXXFLAGS='-g -O2'
CYGPATH_W='echo'
DEFS='-DHAVE_CONFIG_H'
DEPDIR='.deps'
DOXYGEN=''
DSYMUTIL=''
DUMPBIN=''
ECHO_C=''
ECHO_N='-n'
ECHO_T=''
EGREP='/bin/grep -E'
EXEEXT=''
FGREP='/bin/grep -F'
GREP='/bin/grep'
HAVE_DOT='NO'
INSTALL_DATA='${INSTALL} -m 644'
INSTALL_PROGRAM='${INSTALL}'
INSTALL_SCRIPT='${INSTALL}'
INSTALL_STRIP_PROGRAM='$(install_sh) -c -s'
LD='/usr/bin/ld'
LDFLAGS=' -L/usr/lib64'
LIBOBJS=''
LIBS='-lz -lm '
LIBTOOL='$(SHELL) $(top_builddir)/libtool'
LIBTOOL_DEPS='config/ltmain.sh'
LIPO=''
LN_S='ln -s'
LTLIBOBJS=''
MAKEINFO='${SHELL} /home/mroa/Git/SS2D_KickCount/librcsc_0.2_KickTable/config/missing --run makeinfo'
MKDIR_P='/bin/mkdir -p'
NM='/usr/bin/nm -B'
NMEDIT=''
OBJDUMP='objdump'
OBJEXT='o'
OTOOL64=''
OTOOL=''
PACKAGE='librcsc'
PACKAGE_BUGREPORT='akky@users.sourceforge.jp'
PACKAGE_NAME='librcsc'
PACKAGE_STRING='librcsc 4.1.0'
PACKAGE_TARNAME='librcsc'
PACKAGE_URL=''
PACKAGE_VERSION='4.1.0'
PATH_SEPARATOR=':'
POW_LIB=''
RANLIB='ranlib'
SED='/bin/sed'
SET_MAKE=''
SHELL='/bin/bash'
STRIP='strip'
UNIT_TEST_FALSE=''
UNIT_TEST_TRUE='#'
VERSION='4.1.0'
ac_ct_CC='gcc'
ac_ct_CXX='g++'
ac_ct_DUMPBIN=''
am__EXEEXT_FALSE=''
am__EXEEXT_TRUE='#'
am__fastdepCC_FALSE='#'
am__fastdepCC_TRUE=''
am__fastdepCXX_FALSE='#'
am__fastdepCXX_TRUE=''
am__include='include'
am__isrc=''
am__leading_dot='.'
am__quote=''
am__tar='${AMTAR} chof - "$$tardir"'
am__untar='${AMTAR} xf -'
bindir='${exec_prefix}/bin'
build='x86_64-unknown-linux-gnu'
build_alias=''
build_cpu='x86_64'
build_os='linux-gnu'
build_vendor='unknown'
datadir='${datarootdir}'
datarootdir='${prefix}/share'
docdir='${datarootdir}/doc/${PACKAGE_TARNAME}'
dvidir='${docdir}'
exec_prefix='${prefix}'
host='x86_64-unknown-linux-gnu'
host_alias=''
host_cpu='x86_64'
host_os='linux-gnu'
host_vendor='unknown'
htmldir='${docdir}'
includedir='${prefix}/include'
infodir='${datarootdir}/info'
install_sh='${SHELL} /home/mroa/Git/SS2D_KickCount/librcsc_0.2_KickTable/config/install-sh'
libdir='${exec_prefix}/lib'
libexecdir='${exec_prefix}/libexec'
localedir='${datarootdir}/locale'
localstatedir='${prefix}/var'
lt_ECHO='echo'
mandir='${datarootdir}/man'
mkdir_p='/bin/mkdir -p'
oldincludedir='/usr/include'
pdfdir='${docdir}'
prefix='/usr/local'
program_transform_name='s,x,x,'
psdir='${docdir}'
runstatedir='${localstatedir}/run'
sbindir='${exec_prefix}/sbin'
sharedstatedir='${prefix}/com'
sysconfdir='${prefix}/etc'
target_alias=''

## ----------- ##
## confdefs.h. ##
## ----------- ##

/* confdefs.h */
#define PACKAGE_NAME "librcsc"
#define PACKAGE_TARNAME "librcsc"
#define PACKAGE_VERSION "4.1.0"
#define PACKAGE_STRING "librcsc 4.1.0"
#define PACKAGE_BUGREPORT "akky@users.sourceforge.jp"
#define PACKAGE_URL ""
#define PACKAGE "librcsc"
#define VERSION "4.1.0"
#define STDC_HEADERS 1
#define HAVE_SYS_TYPES_H 1
#define HAVE_SYS_STAT_H 1
#define HAVE_STDLIB_H 1
#define HAVE_STRING_H 1
#define HAVE_MEMORY_H 1
#define HAVE_STRINGS_H 1
#define HAVE_INTTYPES_H 1
#define HAVE_STDINT_H 1
#define HAVE_UNISTD_H 1
#define HAVE_DLFCN_H 1
#define LT_OBJDIR ".libs/"
#define HAVE_LIBZ 1
#define HAVE_ARPA_INET_H 1
#define HAVE_FCNTL_H 1
#define HAVE_NETINET_IN_H 1
#define HAVE_NETDB_H 1
#define HAVE_SYS_SOCKET_H 1
#define HAVE_SYS_TIME_H 1
#define HAVE_UNISTD_H 1
#define HAVE_SOCKLEN_T 1
#define TIME_WITH_SYS_TIME 1
#define STDC_HEADERS 1
#define HAVE_STDLIB_H 1
#define HAVE_MALLOC 1
#define HAVE_STDLIB_H 1
#define HAVE_REALLOC 1
#define HAVE_SYS_SELECT_H 1
#define HAVE_SYS_SOCKET_H 1
#define SELECT_TYPE_ARG1 int
#define SELECT_TYPE_ARG234 (fd_set *)
#define SELECT_TYPE_ARG5 (struct timeval *)
#define HAVE_VPRINTF 1
#define HAVE_FLOOR 1
#define HAVE_INET_ADDR 1
#define HAVE_GETADDRINFO 1
#define HAVE_GETHOSTBYNAME 1
#define HAVE_GETTIMEOFDAY 1
#define HAVE_MEMSET 1
#define HAVE_POW 1
#define HAVE_RINT 1
#define HAVE_SELECT 1
#define HAVE_SOCKET 1
#define HAVE_SQRT 1
#define HAVE_STRERROR 1
#define HAVE_STRTOL 1
#define HAVE_BOOST /**/

configure: exit 0

## ---------------------- ##
## Running config.status. ##
## ---------------------- ##

This file was extended by librcsc config.status 4.1.0, which was
generated by GNU Autoconf 2.69.  Invocation command line was

  CONFIG_FILES    = 
  CONFIG_HEADERS  = 
  CONFIG_LINKS    = 
  CONFIG_COMMANDS = 
  $ ./config.status 

on mroa-Predator

config.status:1194: creating Doxyfile
config.status:1194: creating librcsc.pc
config.status:1194: creating librcsc.spec
config.status:1194: creating librcsc-config
config.status:1194: creating librcscenv
config.status:1194: creating Makefile
config.status:1194: creating rcsc/Makefile
config.status:1194: creating rcsc/ann/Makefile
config.status:1194: creating rcsc/geom/Makefile
config.status:1194: creating rcsc/geom/triangle/Makefile
config.status:1194: creating rcsc/gz/Makefile
config.status:1194: creating rcsc/monitor/Makefile
config.status:1194: creating rcsc/net/Makefile
config.status:1194: creating rcsc/param/Makefile
config.status:1194: creating rcsc/rcg/Makefile
config.status:1194: creating rcsc/time/Makefile
config.status:1194: creating rcsc/util/Makefile
config.status:1194: creating rcsc/common/Makefile
config.status:1194: creating rcsc/player/Makefile
config.status:1194: creating rcsc/action/Makefile
config.status:1194: creating rcsc/formation/Makefile
config.status:1194: creating rcsc/coach/Makefile
config.status:1194: creating rcsc/trainer/Makefile
config.status:1194: creating example/Makefile
config.status:1194: creating src/Makefile
config.status:1194: creating config.h
config.status:1375: config.h is unchanged
config.status:1423: executing depfiles commands
config.status:1423: executing libtool commands

## ---------------------- ##
## Running config.status. ##
## ---------------------- ##

This file was extended by librcsc config.status 4.1.0, which was
generated by GNU Autoconf 2.69.  Invocation command line was

  CONFIG_FILES    = 
  CONFIG_HEADERS  = 
  CONFIG_LINKS    = 
  CONFIG_COMMANDS = 
  $ ./config.status config.h

on mroa-Predator

config.status:1194: creating config.h
config.status:1375: config.h is unchanged
